2021-05-15 18:33:45 [main] INFO  c.m.d.t.t.k.s.TwitterToKafkaService - Starting TwitterToKafkaService using Java 1.8.0_201 on LAPTOP-N2SOK9VF with PID 8992 (C:\Users\HP PC\Documents\IntelliJProjects\Event-driven Microservices\microservices-demo\twitter-to-kafka-service\target\classes started by DM in C:\Users\HP PC\Documents\IntelliJProjects\Event-driven Microservices\microservices-demo)
2021-05-15 18:33:45 [main] INFO  c.m.d.t.t.k.s.TwitterToKafkaService - No active profile set, falling back to default profiles: default
2021-05-15 18:33:46 [main] INFO  c.m.d.t.t.k.s.TwitterToKafkaService - Started TwitterToKafkaService in 1.706 seconds (JVM running for 2.604)
2021-05-15 18:33:46 [main] INFO  c.m.d.t.t.k.s.TwitterToKafkaService -  Running twitter to kafka
2021-05-15 18:33:46 [main] INFO  c.m.d.t.t.k.s.TwitterToKafkaService - [Java, Microservices, Spring, Kafka, Elasticsearch]
2021-05-15 18:35:56 [main] INFO  c.m.d.t.t.k.s.TwitterToKafkaService - Starting TwitterToKafkaService using Java 1.8.0_201 on LAPTOP-N2SOK9VF with PID 13180 (C:\Users\HP PC\Documents\IntelliJProjects\Event-driven Microservices\microservices-demo\twitter-to-kafka-service\target\classes started by DM in C:\Users\HP PC\Documents\IntelliJProjects\Event-driven Microservices\microservices-demo)
2021-05-15 18:35:56 [main] INFO  c.m.d.t.t.k.s.TwitterToKafkaService - No active profile set, falling back to default profiles: default
2021-05-15 18:35:57 [main] INFO  c.m.d.t.t.k.s.TwitterToKafkaService - Started TwitterToKafkaService in 1.68 seconds (JVM running for 2.474)
2021-05-15 18:35:57 [main] INFO  c.m.d.t.t.k.s.TwitterToKafkaService -  Running twitter to kafka
2021-05-15 18:35:57 [main] INFO  c.m.d.t.t.k.s.TwitterToKafkaService - [Java, Microservices, Spring, Kafka, Elasticsearch]
2021-05-15 18:35:57 [main] INFO  c.m.d.t.t.k.s.TwitterToKafkaService - Welcome brother
2021-05-15 18:36:59 [main] INFO  c.m.d.t.t.k.s.TwitterToKafkaService - Starting TwitterToKafkaService using Java 1.8.0_201 on LAPTOP-N2SOK9VF with PID 8420 (C:\Users\HP PC\Documents\IntelliJProjects\Event-driven Microservices\microservices-demo\twitter-to-kafka-service\target\classes started by DM in C:\Users\HP PC\Documents\IntelliJProjects\Event-driven Microservices\microservices-demo)
2021-05-15 18:36:59 [main] INFO  c.m.d.t.t.k.s.TwitterToKafkaService - No active profile set, falling back to default profiles: default
2021-05-15 18:37:00 [main] INFO  c.m.d.t.t.k.s.TwitterToKafkaService - Started TwitterToKafkaService in 1.639 seconds (JVM running for 2.408)
2021-05-15 18:37:00 [main] INFO  c.m.d.t.t.k.s.TwitterToKafkaService -  Running twitter to kafka
2021-05-15 18:37:00 [main] INFO  c.m.d.t.t.k.s.TwitterToKafkaService - [Java, Microservices, Spring, Kafka, Elasticsearch]
2021-05-15 18:37:00 [main] INFO  c.m.d.t.t.k.s.TwitterToKafkaService - Welcome brother
2021-05-15 20:38:40 [main] INFO  c.m.d.t.t.k.s.TwitterToKafkaService - Starting TwitterToKafkaService using Java 1.8.0_201 on LAPTOP-N2SOK9VF with PID 13840 (C:\Users\HP PC\Documents\IntelliJProjects\Event-driven Microservices\microservices-demo\twitter-to-kafka-service\target\classes started by DM in C:\Users\HP PC\Documents\IntelliJProjects\Event-driven Microservices\microservices-demo)
2021-05-15 20:38:40 [main] INFO  c.m.d.t.t.k.s.TwitterToKafkaService - No active profile set, falling back to default profiles: default
2021-05-15 20:38:41 [main] INFO  c.m.d.t.t.k.s.TwitterToKafkaService - Started TwitterToKafkaService in 2.391 seconds (JVM running for 3.511)
2021-05-15 20:38:41 [main] INFO  c.m.d.t.t.k.s.TwitterToKafkaService -  Running twitter to kafka
2021-05-15 20:38:41 [main] INFO  c.m.d.t.t.k.s.TwitterToKafkaService - [Java, Microservices, Spring, Kafka, Elasticsearch]
2021-05-15 20:38:41 [main] INFO  c.m.d.t.t.k.s.TwitterToKafkaService - Welcome brother
2021-05-15 20:38:42 [Twitter Stream consumer /  [1][initializing]] INFO  twitter4j.TwitterStreamImpl - Establishing connection.
2021-05-15 20:38:42 [main] INFO  c.m.d.t.t.k.s.r.i.TwitterKafkaStreamRunner - Filter added to stream :[Java, Microservices, Spring, Kafka, Elasticsearch]
2021-05-15 20:38:43 [Twitter Stream consumer /  [1][Establishing connection]] INFO  twitter4j.TwitterStreamImpl - sun.security.validator.ValidatorException: PKIX path building failed: sun.security.provider.certpath.SunCertPathBuilderException: unable to find valid certification path to requested target
2021-05-15 20:38:43 [Twitter Stream consumer /  [1][Establishing connection]] INFO  twitter4j.TwitterStreamImpl - Waiting for 250 milliseconds
2021-05-15 20:38:43 [Twitter Stream consumer /  [1][Waiting for 250 milliseconds]] INFO  twitter4j.TwitterStreamImpl - Establishing connection.
2021-05-15 20:38:44 [Twitter Stream consumer /  [1][Establishing connection]] INFO  twitter4j.TwitterStreamImpl - sun.security.validator.ValidatorException: PKIX path building failed: sun.security.provider.certpath.SunCertPathBuilderException: unable to find valid certification path to requested target
2021-05-15 20:38:44 [Twitter Stream consumer /  [1][Establishing connection]] INFO  twitter4j.TwitterStreamImpl - Waiting for 500 milliseconds
2021-05-15 20:38:44 [Twitter Stream consumer /  [1][Waiting for 500 milliseconds]] INFO  twitter4j.TwitterStreamImpl - Establishing connection.
2021-05-15 20:38:44 [Twitter Stream consumer /  [1][Establishing connection]] INFO  twitter4j.TwitterStreamImpl - sun.security.validator.ValidatorException: PKIX path building failed: sun.security.provider.certpath.SunCertPathBuilderException: unable to find valid certification path to requested target
2021-05-15 20:38:44 [Twitter Stream consumer /  [1][Establishing connection]] INFO  twitter4j.TwitterStreamImpl - Waiting for 1000 milliseconds
2021-05-15 20:38:45 [Twitter Stream consumer /  [1][Waiting for 1000 milliseconds]] INFO  twitter4j.TwitterStreamImpl - Establishing connection.
2021-05-15 20:38:45 [Twitter Stream consumer /  [1][Establishing connection]] INFO  twitter4j.TwitterStreamImpl - sun.security.validator.ValidatorException: PKIX path building failed: sun.security.provider.certpath.SunCertPathBuilderException: unable to find valid certification path to requested target
2021-05-15 20:38:45 [Twitter Stream consumer /  [1][Establishing connection]] INFO  twitter4j.TwitterStreamImpl - Waiting for 2000 milliseconds
2021-05-15 20:38:47 [Twitter Stream consumer /  [1][Waiting for 2000 milliseconds]] INFO  twitter4j.TwitterStreamImpl - Establishing connection.
2021-05-15 20:38:48 [Twitter Stream consumer /  [1][Establishing connection]] INFO  twitter4j.TwitterStreamImpl - sun.security.validator.ValidatorException: PKIX path building failed: sun.security.provider.certpath.SunCertPathBuilderException: unable to find valid certification path to requested target
2021-05-15 20:38:48 [Twitter Stream consumer /  [1][Establishing connection]] INFO  twitter4j.TwitterStreamImpl - Waiting for 4000 milliseconds
2021-05-15 20:38:52 [Twitter Stream consumer /  [1][Waiting for 4000 milliseconds]] INFO  twitter4j.TwitterStreamImpl - Establishing connection.
2021-05-15 20:38:52 [Twitter Stream consumer /  [1][Establishing connection]] INFO  twitter4j.TwitterStreamImpl - sun.security.validator.ValidatorException: PKIX path building failed: sun.security.provider.certpath.SunCertPathBuilderException: unable to find valid certification path to requested target
2021-05-15 20:38:52 [Twitter Stream consumer /  [1][Establishing connection]] INFO  twitter4j.TwitterStreamImpl - Waiting for 8000 milliseconds
2021-05-15 20:39:00 [Twitter Stream consumer /  [1][Waiting for 8000 milliseconds]] INFO  twitter4j.TwitterStreamImpl - Establishing connection.
2021-05-15 20:39:00 [Twitter Stream consumer /  [1][Establishing connection]] INFO  twitter4j.TwitterStreamImpl - sun.security.validator.ValidatorException: PKIX path building failed: sun.security.provider.certpath.SunCertPathBuilderException: unable to find valid certification path to requested target
2021-05-15 20:39:00 [Twitter Stream consumer /  [1][Establishing connection]] INFO  twitter4j.TwitterStreamImpl - Waiting for 16000 milliseconds
2021-05-15 20:43:56 [main] INFO  c.m.d.t.t.k.s.TwitterToKafkaService - Starting TwitterToKafkaService using Java 1.8.0_201 on LAPTOP-N2SOK9VF with PID 2084 (C:\Users\HP PC\Documents\IntelliJProjects\Event-driven Microservices\microservices-demo\twitter-to-kafka-service\target\classes started by DM in C:\Users\HP PC\Documents\IntelliJProjects\Event-driven Microservices\microservices-demo)
2021-05-15 20:43:56 [main] INFO  c.m.d.t.t.k.s.TwitterToKafkaService - No active profile set, falling back to default profiles: default
2021-05-15 20:43:57 [main] INFO  c.m.d.t.t.k.s.TwitterToKafkaService - Started TwitterToKafkaService in 2.095 seconds (JVM running for 3.554)
2021-05-15 20:43:57 [main] INFO  c.m.d.t.t.k.s.TwitterToKafkaService -  Running twitter to kafka
2021-05-15 20:43:57 [main] INFO  c.m.d.t.t.k.s.TwitterToKafkaService - [Java, Microservices, Spring, Kafka, Elasticsearch]
2021-05-15 20:43:57 [main] INFO  c.m.d.t.t.k.s.TwitterToKafkaService - Welcome brother
2021-05-15 20:43:57 [Twitter Stream consumer /  [1][initializing]] INFO  twitter4j.TwitterStreamImpl - Establishing connection.
2021-05-15 20:43:57 [main] INFO  c.m.d.t.t.k.s.r.i.TwitterKafkaStreamRunner - Filter added to stream :[Java, Microservices, Spring, Kafka, Elasticsearch]
2021-05-15 20:44:00 [Twitter Stream consumer /  [1][Establishing connection]] INFO  twitter4j.TwitterStreamImpl - Connection established.
2021-05-15 20:44:00 [Twitter Stream consumer /  [1][Establishing connection]] INFO  twitter4j.TwitterStreamImpl - Receiving status stream.
2021-05-15 20:44:00 [Twitter4J Async Dispatcher[0]] INFO  c.m.d.t.t.k.s.l.TwitterListener - Twitter status :RT @iuphils: 21.05.16
To you who came to us like a spring, HAPPY BIRTHDAY! 🎂 @_IUofficial 

We are glad to know you
We are happy to love yo…
2021-05-15 20:44:00 [Twitter4J Async Dispatcher[0]] INFO  c.m.d.t.t.k.s.l.TwitterListener - Twitter status :RT @SimplyAlexJean1: https://t.co/h6knv54zLh

Useful Spring Activities to Promote Wellness! 🌿🌺

Looking for some spring activities to help…
2021-05-15 20:44:00 [Twitter4J Async Dispatcher[0]] INFO  c.m.d.t.t.k.s.l.TwitterListener - Twitter status :RT @iuphils: 21.05.16
To you who came to us like a spring, HAPPY BIRTHDAY! 🎂 @_IUofficial 

We are glad to know you
We are happy to love yo…
2021-05-15 20:44:00 [Twitter4J Async Dispatcher[0]] INFO  c.m.d.t.t.k.s.l.TwitterListener - Twitter status :RT @iuphils: 21.05.16
To you who came to us like a spring, HAPPY BIRTHDAY! 🎂 @_IUofficial 

We are glad to know you
We are happy to love yo…
2021-05-15 20:44:00 [Twitter4J Async Dispatcher[0]] INFO  c.m.d.t.t.k.s.l.TwitterListener - Twitter status :RT @dish_info: DISH// Spring Tour 2021「X」
ツアー終了！ありがとうございました！！

全員、コニファーで笑い合いましょう！！

#DISH_X
#DISH_森羅万象 https://t.co/y3vK5OTrVr
2021-05-15 20:44:01 [Twitter4J Async Dispatcher[0]] INFO  c.m.d.t.t.k.s.l.TwitterListener - Twitter status :RT @JEDIYUTH: โต๊ะ 4 คน นั่งได้ 1 คน จำกัดคนนั่งในร้าน 25%
ถ้าเป็นร้านตามสั่งหรือร้านก๊วยเตี๋ยวเล็กๆ ที่มีโต๊ะ 4 ตัว ร้านนั้นก็เปิดให้นั่ง…
2021-05-15 20:44:02 [Twitter4J Async Dispatcher[0]] INFO  c.m.d.t.t.k.s.l.TwitterListener - Twitter status :Beautiful spring sunset colors last night https://t.co/6TPIENnJcd
2021-05-15 20:44:02 [Twitter4J Async Dispatcher[0]] INFO  c.m.d.t.t.k.s.l.TwitterListener - Twitter status :#WhatsHappeningInMyanmar
#May15Coup
2021-05-15 20:44:03 [Twitter4J Async Dispatcher[0]] INFO  c.m.d.t.t.k.s.l.TwitterListener - Twitter status :RT @SwainForSenate: 🚨BREAKING: Gov. Whitmer spring break charter flight and vacation to Florida was paid for by a nonprofit dark money grou…
2021-05-15 20:44:03 [Twitter4J Async Dispatcher[0]] INFO  c.m.d.t.t.k.s.l.TwitterListener - Twitter status :@JudyWil54936823 All the bottles in the main pic were found at the same time as far as I recall - all washed out of the dunes after high spring tides and surging waves.
2021-05-15 20:44:04 [Twitter4J Async Dispatcher[0]] INFO  c.m.d.t.t.k.s.l.TwitterListener - Twitter status :RT @prettydiamo: Versace Spring 1995. https://t.co/iwLUsufSRa
2021-05-15 20:44:04 [Twitter4J Async Dispatcher[0]] INFO  c.m.d.t.t.k.s.l.TwitterListener - Twitter status :RT @gp_pulipaka: Bayesian Statistical #Programming, An Introduction. #BigData #Analytics #DataScience #AI #MachineLearning #IoT #IIoT #PyTo…
2021-05-15 20:44:05 [Twitter4J Async Dispatcher[0]] INFO  c.m.d.t.t.k.s.l.TwitterListener - Twitter status :Almost there! ⏲️ Check in tomorrow to see your voted Spring Fling! 💝 She'll be ready for you to help her make this summer even hotter. 😘🔥

#Lovelink #Swipe #Match #Chat #Dating #Love https://t.co/CB1PhkZHyj
2021-05-15 20:44:05 [Twitter4J Async Dispatcher[0]] INFO  c.m.d.t.t.k.s.l.TwitterListener - Twitter status :SAR teams from across SE BC assembled on Salt Spring Island, 100 volunteers strong, for a high priority search. #SAR #publicsafety https://t.co/s2oFc50sS5
2021-05-15 20:44:05 [Twitter4J Async Dispatcher[0]] INFO  c.m.d.t.t.k.s.l.TwitterListener - Twitter status :RT @dayhikingtrails: Where to See Spring Wildflowers in Wisconsin
#redcedarriver #hiking #optoutside #Wilderness
https://t.co/QbveIyWZGV
2021-05-15 20:44:06 [Twitter4J Async Dispatcher[0]] INFO  c.m.d.t.t.k.s.l.TwitterListener - Twitter status :RT @TownShirley: @TandridgeYFL Spring Trophy Group C 
@selsdon_junior Hawks U11s 1 @TownShirley 4 
Great display from Shirley in a wind 💨 e…
2021-05-15 20:44:06 [Twitter4J Async Dispatcher[0]] INFO  c.m.d.t.t.k.s.l.TwitterListener - Twitter status :Let's get started!

{ author: @jm_fayard } #DEVCommunity #CodeNewbie
https://t.co/QkEDcDzUAT
2021-05-15 20:44:06 [Twitter4J Async Dispatcher[0]] INFO  c.m.d.t.t.k.s.l.TwitterListener - Twitter status :... la primavera Chibcha más bien  terminó en un Spring Break de paseo de olla en cualquier rio de Colombia! ...
2021-05-15 20:44:07 [Twitter4J Async Dispatcher[0]] INFO  c.m.d.t.t.k.s.l.TwitterListener - Twitter status :ランキング:35位「産業・研究開発用品」(00:14)

【SNSで話題・人気沸騰】マスク 立体構造 4層不織布マスク 口紅付きにくい 

価格:￥1,198 - ￥1,398
レビュー数:113
https://t.co/UciF0BBDjT
2021-05-15 20:44:07 [Twitter4J Async Dispatcher[0]] INFO  c.m.d.t.t.k.s.l.TwitterListener - Twitter status :RT @dermayank: Dear recruiters, if you are looking for:

- Java, Python, PHP
- React, Angular
- PostgreSQL, Redis, MongoDB
- AWS, S3, EC2,…
2021-05-15 20:44:07 [Twitter4J Async Dispatcher[0]] INFO  c.m.d.t.t.k.s.l.TwitterListener - Twitter status :#WhatsHappeningInMyanmar
2021-05-15 20:44:07 [Twitter4J Async Dispatcher[0]] INFO  c.m.d.t.t.k.s.l.TwitterListener - Twitter status :Found this little rasta mantis in the #garden... 

#mantis #gardening #spring #sonoma https://t.co/zNPc5uTqkn
2021-05-15 20:44:08 [Twitter4J Async Dispatcher[0]] INFO  c.m.d.t.t.k.s.l.TwitterListener - Twitter status :RT @dish_info: DISH// Spring Tour 2021「X」
ツアー終了！ありがとうございました！！

全員、コニファーで笑い合いましょう！！

#DISH_X
#DISH_森羅万象 https://t.co/y3vK5OTrVr
2021-05-15 20:44:08 [Twitter4J Async Dispatcher[0]] INFO  c.m.d.t.t.k.s.l.TwitterListener - Twitter status :RT @DangeRussWilson: I’ll be speaking at @NCState Spring 2021 Commencement in just a few... 

Watch LIVE here ➡️ https://t.co/yLoExoshT5 ht…
2021-05-15 20:44:09 [Twitter4J Async Dispatcher[0]] INFO  c.m.d.t.t.k.s.l.TwitterListener - Twitter status :RT @SPRiNGNEWS_TH: เริ่ม 17 พ.ค. นั่งทานในร้านอาหารได้แบบมีเงื่อนไข 

#SPRiNG #ปลดล็อก #ผ่อนคลาย #ร้านอาหาร #โควิด19 #COVID19 https://t.co/…
2021-05-15 20:44:09 [Twitter4J Async Dispatcher[0]] INFO  c.m.d.t.t.k.s.l.TwitterListener - Twitter status :RT @Hasky0806: 【交換譲渡】
あんスタ SHUFELEコレ 缶バッジ イベコレ 缶バッジ 2020 SPRING
Casual Side Idol Side

譲)スバル 真緒 鉄虎 一彩 忍 マヨイ 英智 渉 凪砂

求)日和 or 定価＋送料

オンラインにて…
2021-05-15 20:44:09 [Twitter4J Async Dispatcher[0]] INFO  c.m.d.t.t.k.s.l.TwitterListener - Twitter status :RT @SuzanneHabib: Spring has NOW arrived. First NJ strawberries of the year @CollsFarmMarket @springdalefarms Super sweet, too. @JerseyFres…
2021-05-15 20:44:10 [Twitter4J Async Dispatcher[0]] INFO  c.m.d.t.t.k.s.l.TwitterListener - Twitter status :Had the great honour of opening @RLEsports #RLCSX EU Spring Split Major broadcast over at @TheRocketRB with @DigitalBacon1 and @Tylacto - wish we had another ten minutes to talk about everything we had planned 😅
Back later with @Irelique for Match #2 👋
https://t.co/EllOAuAwYA
2021-05-15 20:44:10 [Twitter4J Async Dispatcher[0]] INFO  c.m.d.t.t.k.s.l.TwitterListener - Twitter status :RT @Reuters: China cancels Everest spring climbing over coronavirus worries https://t.co/BnDcqSOz47 https://t.co/AeaOeZegoi
2021-05-15 20:44:10 [Twitter4J Async Dispatcher[0]] INFO  c.m.d.t.t.k.s.l.TwitterListener - Twitter status :Nieuws:  Tot 21 mei is het European Spring Testing Week https://t.co/vlmkp8LMIZ https://t.co/1d5L3EnJzh
2021-05-15 20:44:11 [Twitter4J Async Dispatcher[0]] INFO  c.m.d.t.t.k.s.l.TwitterListener - Twitter status :RT @woosan_bread: (Help RT hehe)

WTS fast fast spring cleaning 🤧 

* RM19 each 
* Shipping: RM8 to WM, RM10 to EM (JnT, but some location…
2021-05-15 20:44:11 [Twitter4J Async Dispatcher[0]] INFO  c.m.d.t.t.k.s.l.TwitterListener - Twitter status :In remembrance of our fallen heroes who sacrificed their lives during Spring Revolution, protesters held each rose in hand and prayed for those who are fighting for democracy despite the scorching sun.   #May15Coup   #WhatsHappeningInMyanmar https://t.co/1FC4GIWMWE
2021-05-15 20:44:11 [Twitter4J Async Dispatcher[0]] INFO  c.m.d.t.t.k.s.l.TwitterListener - Twitter status :RT @dish_info: DISH// Spring Tour 2021「X」
ツアー終了！ありがとうございました！！

全員、コニファーで笑い合いましょう！！

#DISH_X
#DISH_森羅万象 https://t.co/y3vK5OTrVr
2021-05-15 20:44:11 [Twitter4J Async Dispatcher[0]] INFO  c.m.d.t.t.k.s.l.TwitterListener - Twitter status :RT @SuMyatN44471327: “Never be ruled #Monywa ” 
Protesters hold Roses
“ Remembrance” for our heros killed during Spring Revolution . Protes…
2021-05-15 20:44:11 [Twitter4J Async Dispatcher[0]] INFO  c.m.d.t.t.k.s.l.TwitterListener - Twitter status :RT @dish_info: DISH// Spring Tour 2021「X」
ツアー終了！ありがとうございました！！

全員、コニファーで笑い合いましょう！！

#DISH_X
#DISH_森羅万象 https://t.co/y3vK5OTrVr
2021-05-15 20:44:12 [Twitter4J Async Dispatcher[0]] INFO  c.m.d.t.t.k.s.l.TwitterListener - Twitter status :@dermayank Just hoping for the day the I.T field will be like the medical field. 
Where recruiters will recruit us for a specific role based on specialities.
How can you be looking for a java developer and say he should know network administration as well.
2021-05-15 20:44:12 [Twitter4J Async Dispatcher[0]] INFO  c.m.d.t.t.k.s.l.TwitterListener - Twitter status :“Never be ruled #Monywa ” 
Protesters hold Roses
“ Remembrance” for our heros killed during Spring Revolution . Protesters are fighting for democracy despite the scorching sun !

#May15Coup 
#MilkTeaAlliance 
#WhatsHappeningInMyanmar https://t.co/Y8MQbk21OU
2021-05-15 20:44:12 [Twitter4J Async Dispatcher[0]] INFO  c.m.d.t.t.k.s.l.TwitterListener - Twitter status :See me and spring don’t go together for only one reason... I don’t know how y’all can deal with pollen😔🤷‍♀️
2021-05-15 20:44:13 [Twitter4J Async Dispatcher[0]] INFO  c.m.d.t.t.k.s.l.TwitterListener - Twitter status :RT @HoovyTube: Goals for 2021:
- start going to the gym 6 times a week like last year
- read Kant, Hegel, Kafka, Tolstoy, Dostoyevsky
- rel…
2021-05-15 20:44:13 [Twitter4J Async Dispatcher[0]] INFO  c.m.d.t.t.k.s.l.TwitterListener - Twitter status :RT @BrandonLaam: Found this little rasta mantis in the #garden... 

#mantis #gardening #spring #sonoma https://t.co/zNPc5uTqkn
2021-05-15 20:44:13 [Twitter4J Async Dispatcher[0]] INFO  c.m.d.t.t.k.s.l.TwitterListener - Twitter status :HAPPY BIRTHDAY QUEEN 👑🥳

YOU ARE MY CELEBRITY IU @_IUofficial

#IU29thSpring
#지은이의_스물아홉번째_봄
#OurLilacIUday
