2021-05-19 12:40:22 [main] INFO  c.m.d.t.t.k.s.TwitterToKafkaService - Starting TwitterToKafkaService using Java 1.8.0_201 on LAPTOP-N2SOK9VF with PID 13680 (C:\Users\HP PC\Documents\IntelliJProjects\Event-driven Microservices\microservices-demo\twitter-to-kafka-service\target\classes started by DM in C:\Users\HP PC\Documents\IntelliJProjects\Event-driven Microservices\microservices-demo)
2021-05-19 12:40:23 [main] INFO  c.m.d.t.t.k.s.TwitterToKafkaService - No active profile set, falling back to default profiles: default
2021-05-19 12:40:39 [main] WARN  o.s.b.w.r.c.AnnotationConfigReactiveWebServerApplicationContext - Exception encountered during context initialization - cancelling refresh attempt: org.springframework.beans.factory.UnsatisfiedDependencyException: Error creating bean with name 'twitterToKafkaService': Unsatisfied dependency expressed through constructor parameter 1; nested exception is org.springframework.beans.factory.UnsatisfiedDependencyException: Error creating bean with name 'mockKafkaStreamRunner' defined in file [C:\Users\HP PC\Documents\IntelliJProjects\Event-driven Microservices\microservices-demo\twitter-to-kafka-service\target\classes\com\microservices\demo\twitter\to\kafka\service\runner\impl\MockKafkaStreamRunner.class]: Unsatisfied dependency expressed through constructor parameter 1; nested exception is org.springframework.beans.factory.UnsatisfiedDependencyException: Error creating bean with name 'twitterStatusListener' defined in file [C:\Users\HP PC\Documents\IntelliJProjects\Event-driven Microservices\microservices-demo\twitter-to-kafka-service\target\classes\com\microservices\demo\twitter\to\kafka\service\listener\TwitterStatusListener.class]: Unsatisfied dependency expressed through constructor parameter 0; nested exception is org.springframework.beans.factory.NoSuchBeanDefinitionException: No qualifying bean of type 'com.microservices.demo.config.KafkaConfigData' available: expected at least 1 bean which qualifies as autowire candidate. Dependency annotations: {}
2021-05-19 12:40:40 [main] INFO  o.s.b.a.l.ConditionEvaluationReportLoggingListener - 

Error starting ApplicationContext. To display the conditions report re-run your application with 'debug' enabled.
2021-05-19 12:40:40 [main] ERROR o.s.b.d.LoggingFailureAnalysisReporter - 

***************************
APPLICATION FAILED TO START
***************************

Description:

Parameter 0 of constructor in com.microservices.demo.twitter.to.kafka.service.listener.TwitterStatusListener required a bean of type 'com.microservices.demo.config.KafkaConfigData' that could not be found.


Action:

Consider defining a bean of type 'com.microservices.demo.config.KafkaConfigData' in your configuration.

2021-05-19 13:47:01 [main] INFO  c.m.d.t.t.k.s.TwitterToKafkaService - Starting TwitterToKafkaService using Java 1.8.0_201 on LAPTOP-N2SOK9VF with PID 7488 (C:\Users\HP PC\Documents\IntelliJProjects\Event-driven Microservices\microservices-demo\twitter-to-kafka-service\target\classes started by DM in C:\Users\HP PC\Documents\IntelliJProjects\Event-driven Microservices\microservices-demo)
2021-05-19 13:47:01 [main] INFO  c.m.d.t.t.k.s.TwitterToKafkaService - No active profile set, falling back to default profiles: default
2021-05-19 13:47:05 [main] WARN  o.s.b.w.r.c.AnnotationConfigReactiveWebServerApplicationContext - Exception encountered during context initialization - cancelling refresh attempt: org.springframework.beans.factory.UnsatisfiedDependencyException: Error creating bean with name 'twitterToKafkaService': Unsatisfied dependency expressed through constructor parameter 1; nested exception is org.springframework.beans.factory.UnsatisfiedDependencyException: Error creating bean with name 'mockKafkaStreamRunner' defined in file [C:\Users\HP PC\Documents\IntelliJProjects\Event-driven Microservices\microservices-demo\twitter-to-kafka-service\target\classes\com\microservices\demo\twitter\to\kafka\service\runner\impl\MockKafkaStreamRunner.class]: Unsatisfied dependency expressed through constructor parameter 1; nested exception is org.springframework.beans.factory.UnsatisfiedDependencyException: Error creating bean with name 'twitterStatusListener' defined in file [C:\Users\HP PC\Documents\IntelliJProjects\Event-driven Microservices\microservices-demo\twitter-to-kafka-service\target\classes\com\microservices\demo\twitter\to\kafka\service\listener\TwitterStatusListener.class]: Unsatisfied dependency expressed through constructor parameter 0; nested exception is org.springframework.beans.factory.NoSuchBeanDefinitionException: No qualifying bean of type 'com.microservices.demo.config.KafkaConfigData' available: expected at least 1 bean which qualifies as autowire candidate. Dependency annotations: {}
2021-05-19 13:47:05 [main] INFO  o.s.b.a.l.ConditionEvaluationReportLoggingListener - 

Error starting ApplicationContext. To display the conditions report re-run your application with 'debug' enabled.
2021-05-19 13:47:05 [main] ERROR o.s.b.d.LoggingFailureAnalysisReporter - 

***************************
APPLICATION FAILED TO START
***************************

Description:

Parameter 0 of constructor in com.microservices.demo.twitter.to.kafka.service.listener.TwitterStatusListener required a bean of type 'com.microservices.demo.config.KafkaConfigData' that could not be found.


Action:

Consider defining a bean of type 'com.microservices.demo.config.KafkaConfigData' in your configuration.

2021-05-19 13:50:30 [main] INFO  c.m.d.t.t.k.s.TwitterToKafkaService - Starting TwitterToKafkaService using Java 1.8.0_201 on LAPTOP-N2SOK9VF with PID 12248 (C:\Users\HP PC\Documents\IntelliJProjects\Event-driven Microservices\microservices-demo\twitter-to-kafka-service\target\classes started by DM in C:\Users\HP PC\Documents\IntelliJProjects\Event-driven Microservices\microservices-demo)
2021-05-19 13:50:30 [main] INFO  c.m.d.t.t.k.s.TwitterToKafkaService - No active profile set, falling back to default profiles: default
2021-05-19 13:50:33 [main] WARN  o.s.b.w.r.c.AnnotationConfigReactiveWebServerApplicationContext - Exception encountered during context initialization - cancelling refresh attempt: org.springframework.beans.factory.UnsatisfiedDependencyException: Error creating bean with name 'twitterToKafkaService': Unsatisfied dependency expressed through constructor parameter 1; nested exception is org.springframework.beans.factory.UnsatisfiedDependencyException: Error creating bean with name 'mockKafkaStreamRunner' defined in file [C:\Users\HP PC\Documents\IntelliJProjects\Event-driven Microservices\microservices-demo\twitter-to-kafka-service\target\classes\com\microservices\demo\twitter\to\kafka\service\runner\impl\MockKafkaStreamRunner.class]: Unsatisfied dependency expressed through constructor parameter 1; nested exception is org.springframework.beans.factory.UnsatisfiedDependencyException: Error creating bean with name 'twitterStatusListener' defined in file [C:\Users\HP PC\Documents\IntelliJProjects\Event-driven Microservices\microservices-demo\twitter-to-kafka-service\target\classes\com\microservices\demo\twitter\to\kafka\service\listener\TwitterStatusListener.class]: Unsatisfied dependency expressed through constructor parameter 0; nested exception is org.springframework.beans.factory.NoSuchBeanDefinitionException: No qualifying bean of type 'com.microservices.demo.config.KafkaConfigData' available: expected at least 1 bean which qualifies as autowire candidate. Dependency annotations: {}
2021-05-19 13:50:33 [main] INFO  o.s.b.a.l.ConditionEvaluationReportLoggingListener - 

Error starting ApplicationContext. To display the conditions report re-run your application with 'debug' enabled.
2021-05-19 13:50:33 [main] ERROR o.s.b.d.LoggingFailureAnalysisReporter - 

***************************
APPLICATION FAILED TO START
***************************

Description:

Parameter 0 of constructor in com.microservices.demo.twitter.to.kafka.service.listener.TwitterStatusListener required a bean of type 'com.microservices.demo.config.KafkaConfigData' that could not be found.


Action:

Consider defining a bean of type 'com.microservices.demo.config.KafkaConfigData' in your configuration.

